2017-11-06 21:02:11,431 [main] INFO  migratus.core - Starting migrations 
2017-11-06 21:02:12,194 [main] ERROR migratus.database - Error creating DB connection for {:connection-uri "jdbc:mysql://localhost:3306/grapdata_dev?user=db_user_name_here&password=db_user_password_here"} 
java.sql.SQLException: Access denied for user 'db_user_name_here'@'localhost' (using password: YES)
	at com.mysql.cj.jdbc.exceptions.SQLError.createSQLException(SQLError.java:545)
	at com.mysql.cj.jdbc.exceptions.SQLError.createSQLException(SQLError.java:513)
	at com.mysql.cj.jdbc.exceptions.SQLExceptionsMapping.translateException(SQLExceptionsMapping.java:115)
	at com.mysql.cj.jdbc.ConnectionImpl.createNewIO(ConnectionImpl.java:1606)
	at com.mysql.cj.jdbc.ConnectionImpl.<init>(ConnectionImpl.java:633)
	at com.mysql.cj.jdbc.ConnectionImpl.getInstance(ConnectionImpl.java:347)
	at com.mysql.cj.jdbc.NonRegisteringDriver.connect(NonRegisteringDriver.java:219)
	at java.sql.DriverManager.getConnection(DriverManager.java:664)
	at java.sql.DriverManager.getConnection(DriverManager.java:270)
	at clojure.java.jdbc$get_connection.invokeStatic(jdbc.clj:320)
	at clojure.java.jdbc$get_connection.invoke(jdbc.clj:226)
	at clojure.java.jdbc$get_connection.invokeStatic(jdbc.clj:281)
	at clojure.java.jdbc$get_connection.invoke(jdbc.clj:226)
	at migratus.database$connect_STAR_$fn__1449.invoke(database.clj:117)
	at migratus.database$connect_STAR_.invokeStatic(database.clj:116)
	at migratus.database$connect_STAR_.invoke(database.clj:114)
	at migratus.database.Database.connect(database.clj:241)
	at migratus.core$run.invokeStatic(core.clj:24)
	at migratus.core$run.invoke(core.clj:21)
	at migratus.core$migrate.invokeStatic(core.clj:69)
	at migratus.core$migrate.invoke(core.clj:66)
	at luminus_migrations.core$migrate.invokeStatic(core.clj:73)
	at luminus_migrations.core$migrate.invoke(core.clj:52)
	at grapdata.core$_main.invokeStatic(core.clj:62)
	at grapdata.core$_main.doInvoke(core.clj:52)
	at clojure.lang.RestFn.invoke(RestFn.java:408)
	at clojure.lang.Var.invoke(Var.java:379)
	at user$eval55504.invokeStatic(form-init8637083793179909408.clj:1)
	at user$eval55504.invoke(form-init8637083793179909408.clj:1)
	at clojure.lang.Compiler.eval(Compiler.java:6927)
	at clojure.lang.Compiler.eval(Compiler.java:6917)
	at clojure.lang.Compiler.load(Compiler.java:7379)
	at clojure.lang.Compiler.loadFile(Compiler.java:7317)
	at clojure.main$load_script.invokeStatic(main.clj:275)
	at clojure.main$init_opt.invokeStatic(main.clj:277)
	at clojure.main$init_opt.invoke(main.clj:277)
	at clojure.main$initialize.invokeStatic(main.clj:308)
	at clojure.main$null_opt.invokeStatic(main.clj:342)
	at clojure.main$null_opt.invoke(main.clj:339)
	at clojure.main$main.invokeStatic(main.clj:421)
	at clojure.main$main.doInvoke(main.clj:384)
	at clojure.lang.RestFn.invoke(RestFn.java:421)
	at clojure.lang.Var.invoke(Var.java:383)
	at clojure.lang.AFn.applyToHelper(AFn.java:156)
	at clojure.lang.Var.applyTo(Var.java:700)
	at clojure.main.main(main.java:37)
2017-11-06 21:02:12,196 [main] INFO  migratus.core - Ending migrations 
